This is pdfTeX, Version 3.141592653-2.6-1.40.26 (TeX Live 2024) (preloaded format=pdflatex 2024.5.24)  24 MAY 2024 21:41
entering extended mode
 restricted \write18 enabled.
 %&-line parsing enabled.
**Seminarplan.tex
(./Seminarplan.tex
LaTeX2e <2023-11-01> patch level 1
L3 programming layer <2024-05-08>

! LaTeX Error: \usepackage before \documentclass.

See the LaTeX manual or LaTeX Companion for explanation.
Type  H <return>  for immediate help.
 ...                                              
                                                  
l.1 \usepackage[margin=1in]{
                            geometry} 
Here is how much of TeX's memory you used:
 15 strings out of 475892
 502 string characters out of 5786465
 1925907 words of memory out of 5000000
 22359 multiletter control sequences out of 15000+600000
 558069 words of font info for 36 fonts, out of 8000000 for 9000
 36 hyphenation exceptions out of 8191
 12i,0n,13p,80b,14s stack positions out of 10000i,1000n,20000p,200000b,200000s

!  ==> Fatal error occurred, no output PDF file produced!
